{
  "RSpec": {
    "coverage": {
      "/Users/benauld/Projects/Bookmark_manager/spec/features/creating_bookmarks_spec.rb": [
        null,
        null,
        1,
        1,
        1,
        1,
        1,
        1,
        null,
        null
      ],
      "/Users/benauld/Projects/Bookmark_manager/spec/features/deleting_bookmarks_spec.rb": [
        null,
        null,
        1,
        1,
        1,
        1,
        1,
        1,
        null,
        null
      ],
      "/Users/benauld/Projects/Bookmark_manager/spec/features/testing_infrastructure_spec.rb": [
        null,
        null,
        1,
        1,
        1,
        1,
        null,
        null
      ],
      "/Users/benauld/Projects/Bookmark_manager/spec/features/viewing_bookmarks_spec.rb": [
        1,
        1,
        1,
        1,
        1,
        null,
        null
      ],
      "/Users/benauld/Projects/Bookmark_manager/spec/unit/bookmark_spec.rb": [
        null,
        null,
        1,
        null,
        1,
        1,
        1,
        null,
        null,
        1,
        1,
        null,
        1,
        1,
        1,
        null,
        1,
        null,
        1,
        1,
        1,
        null,
        null,
        1,
        1,
        1,
        1,
        null,
        1,
        1,
        1,
        1,
        null,
        null,
        1,
        1,
        1,
        1,
        null,
        1,
        null,
        null,
        null
      ]
    },
    "timestamp": 1579103205
  }
}
