{
  "RSpec": {
    "coverage": {
      "/Users/asiaellis/Projects/Bookmark_manager/spec/features/testing_infrastructure_spec.rb": [
        null,
        null,
        1,
        1,
        1,
        1,
        null,
        null
      ],
      "/Users/asiaellis/Projects/Bookmark_manager/spec/features/viewing_bookmarks_spec.rb": [
        1,
        1,
        1,
        1,
        1,
        null,
        null
      ],
      "/Users/asiaellis/Projects/Bookmark_manager/spec/unit/bookmark_list_spec.rb": [
        1,
        null,
        1,
        2,
        null,
        1,
        1,
        1,
        null,
        null,
        null
      ]
    },
    "timestamp": 1578927867
  }
}
